Analysis & Synthesis report for Color
Mon Jan 09 02:01:00 2023
Quartus II 64-Bit Version 13.1.0 Build 162 10/23/2013 SJ Web Edition


---------------------
; Table of Contents ;
---------------------
  1. Legal Notice
  2. Analysis & Synthesis Summary
  3. Analysis & Synthesis Settings
  4. Parallel Compilation
  5. Analysis & Synthesis Source Files Read
  6. Analysis & Synthesis Resource Usage Summary
  7. Analysis & Synthesis Resource Utilization by Entity
  8. Registers Removed During Synthesis
  9. Removed Registers Triggering Further Register Optimizations
 10. General Register Statistics
 11. Inverted Register Statistics
 12. Multiplexer Restructuring Statistics (Restructuring Performed)
 13. Parameter Settings for User Entity Instance: Top-level Entity: |Color
 14. Parameter Settings for Inferred Entity Instance: lpm_divide:Mod0
 15. Elapsed Time Per Partition
 16. Analysis & Synthesis Messages



----------------
; Legal Notice ;
----------------
Copyright (C) 1991-2013 Altera Corporation
Your use of Altera Corporation's design tools, logic functions 
and other software and tools, and its AMPP partner logic 
functions, and any output files from any of the foregoing 
(including device programming or simulation files), and any 
associated documentation or information are expressly subject 
to the terms and conditions of the Altera Program License 
Subscription Agreement, Altera MegaCore Function License 
Agreement, or other applicable license agreement, including, 
without limitation, that your use is for the sole purpose of 
programming logic devices manufactured by Altera and sold by 
Altera or its authorized distributors.  Please refer to the 
applicable agreement for further details.



+---------------------------------------------------------------------------------+
; Analysis & Synthesis Summary                                                    ;
+------------------------------------+--------------------------------------------+
; Analysis & Synthesis Status        ; Successful - Mon Jan 09 02:01:00 2023      ;
; Quartus II 64-Bit Version          ; 13.1.0 Build 162 10/23/2013 SJ Web Edition ;
; Revision Name                      ; Color                                      ;
; Top-level Entity Name              ; Color                                      ;
; Family                             ; Cyclone III                                ;
; Total logic elements               ; 98                                         ;
;     Total combinational functions  ; 97                                         ;
;     Dedicated logic registers      ; 51                                         ;
; Total registers                    ; 51                                         ;
; Total pins                         ; 30                                         ;
; Total virtual pins                 ; 0                                          ;
; Total memory bits                  ; 0                                          ;
; Embedded Multiplier 9-bit elements ; 0                                          ;
; Total PLLs                         ; 0                                          ;
+------------------------------------+--------------------------------------------+


+----------------------------------------------------------------------------------------------------------------------+
; Analysis & Synthesis Settings                                                                                        ;
+----------------------------------------------------------------------------+--------------------+--------------------+
; Option                                                                     ; Setting            ; Default Value      ;
+----------------------------------------------------------------------------+--------------------+--------------------+
; Device                                                                     ; EP3C10E144C8       ;                    ;
; Top-level entity name                                                      ; Color              ; Color              ;
; Family name                                                                ; Cyclone III        ; Cyclone IV GX      ;
; Verilog Show LMF Mapping Messages                                          ; Off                ;                    ;
; Verilog Version                                                            ; SystemVerilog_2005 ; Verilog_2001       ;
; Use smart compilation                                                      ; Off                ; Off                ;
; Enable parallel Assembler and TimeQuest Timing Analyzer during compilation ; On                 ; On                 ;
; Enable compact report table                                                ; Off                ; Off                ;
; Restructure Multiplexers                                                   ; Auto               ; Auto               ;
; Create Debugging Nodes for IP Cores                                        ; Off                ; Off                ;
; Preserve fewer node names                                                  ; On                 ; On                 ;
; Disable OpenCore Plus hardware evaluation                                  ; Off                ; Off                ;
; VHDL Version                                                               ; VHDL_1993          ; VHDL_1993          ;
; State Machine Processing                                                   ; Auto               ; Auto               ;
; Safe State Machine                                                         ; Off                ; Off                ;
; Extract Verilog State Machines                                             ; On                 ; On                 ;
; Extract VHDL State Machines                                                ; On                 ; On                 ;
; Ignore Verilog initial constructs                                          ; Off                ; Off                ;
; Iteration limit for constant Verilog loops                                 ; 5000               ; 5000               ;
; Iteration limit for non-constant Verilog loops                             ; 250                ; 250                ;
; Add Pass-Through Logic to Inferred RAMs                                    ; On                 ; On                 ;
; Infer RAMs from Raw Logic                                                  ; On                 ; On                 ;
; Parallel Synthesis                                                         ; On                 ; On                 ;
; DSP Block Balancing                                                        ; Auto               ; Auto               ;
; NOT Gate Push-Back                                                         ; On                 ; On                 ;
; Power-Up Don't Care                                                        ; On                 ; On                 ;
; Remove Redundant Logic Cells                                               ; Off                ; Off                ;
; Remove Duplicate Registers                                                 ; On                 ; On                 ;
; Ignore CARRY Buffers                                                       ; Off                ; Off                ;
; Ignore CASCADE Buffers                                                     ; Off                ; Off                ;
; Ignore GLOBAL Buffers                                                      ; Off                ; Off                ;
; Ignore ROW GLOBAL Buffers                                                  ; Off                ; Off                ;
; Ignore LCELL Buffers                                                       ; Off                ; Off                ;
; Ignore SOFT Buffers                                                        ; On                 ; On                 ;
; Limit AHDL Integers to 32 Bits                                             ; Off                ; Off                ;
; Optimization Technique                                                     ; Balanced           ; Balanced           ;
; Carry Chain Length                                                         ; 70                 ; 70                 ;
; Auto Carry Chains                                                          ; On                 ; On                 ;
; Auto Open-Drain Pins                                                       ; On                 ; On                 ;
; Perform WYSIWYG Primitive Resynthesis                                      ; Off                ; Off                ;
; Auto ROM Replacement                                                       ; On                 ; On                 ;
; Auto RAM Replacement                                                       ; On                 ; On                 ;
; Auto DSP Block Replacement                                                 ; On                 ; On                 ;
; Auto Shift Register Replacement                                            ; Auto               ; Auto               ;
; Allow Shift Register Merging across Hierarchies                            ; Auto               ; Auto               ;
; Auto Clock Enable Replacement                                              ; On                 ; On                 ;
; Strict RAM Replacement                                                     ; Off                ; Off                ;
; Allow Synchronous Control Signals                                          ; On                 ; On                 ;
; Force Use of Synchronous Clear Signals                                     ; Off                ; Off                ;
; Auto RAM Block Balancing                                                   ; On                 ; On                 ;
; Auto RAM to Logic Cell Conversion                                          ; Off                ; Off                ;
; Auto Resource Sharing                                                      ; Off                ; Off                ;
; Allow Any RAM Size For Recognition                                         ; Off                ; Off                ;
; Allow Any ROM Size For Recognition                                         ; Off                ; Off                ;
; Allow Any Shift Register Size For Recognition                              ; Off                ; Off                ;
; Use LogicLock Constraints during Resource Balancing                        ; On                 ; On                 ;
; Ignore translate_off and synthesis_off directives                          ; Off                ; Off                ;
; Timing-Driven Synthesis                                                    ; On                 ; On                 ;
; Report Parameter Settings                                                  ; On                 ; On                 ;
; Report Source Assignments                                                  ; On                 ; On                 ;
; Report Connectivity Checks                                                 ; On                 ; On                 ;
; Ignore Maximum Fan-Out Assignments                                         ; Off                ; Off                ;
; Synchronization Register Chain Length                                      ; 2                  ; 2                  ;
; PowerPlay Power Optimization                                               ; Normal compilation ; Normal compilation ;
; HDL message level                                                          ; Level2             ; Level2             ;
; Suppress Register Optimization Related Messages                            ; Off                ; Off                ;
; Number of Removed Registers Reported in Synthesis Report                   ; 5000               ; 5000               ;
; Number of Swept Nodes Reported in Synthesis Report                         ; 5000               ; 5000               ;
; Number of Inverted Registers Reported in Synthesis Report                  ; 100                ; 100                ;
; Clock MUX Protection                                                       ; On                 ; On                 ;
; Auto Gated Clock Conversion                                                ; Off                ; Off                ;
; Block Design Naming                                                        ; Auto               ; Auto               ;
; SDC constraint protection                                                  ; Off                ; Off                ;
; Synthesis Effort                                                           ; Auto               ; Auto               ;
; Shift Register Replacement - Allow Asynchronous Clear Signal               ; On                 ; On                 ;
; Pre-Mapping Resynthesis Optimization                                       ; Off                ; Off                ;
; Analysis & Synthesis Message Level                                         ; Medium             ; Medium             ;
; Disable Register Merging Across Hierarchies                                ; Auto               ; Auto               ;
; Resource Aware Inference For Block RAM                                     ; On                 ; On                 ;
; Synthesis Seed                                                             ; 1                  ; 1                  ;
+----------------------------------------------------------------------------+--------------------+--------------------+


+------------------------------------------+
; Parallel Compilation                     ;
+----------------------------+-------------+
; Processors                 ; Number      ;
+----------------------------+-------------+
; Number detected on machine ; 4           ;
; Maximum allowed            ; 2           ;
;                            ;             ;
; Average used               ; 1.00        ;
; Maximum used               ; 1           ;
;                            ;             ;
; Usage by Processor         ; % Time Used ;
;     Processor 1            ; 100.0%      ;
;     Processors 2-4         ;   0.0%      ;
+----------------------------+-------------+


+------------------------------------------------------------------------------------------------------------------------------------------------------------------+
; Analysis & Synthesis Source Files Read                                                                                                                           ;
+----------------------------------+-----------------+------------------------------+--------------------------------------------------------------------+---------+
; File Name with User-Entered Path ; Used in Netlist ; File Type                    ; File Name with Absolute Path                                       ; Library ;
+----------------------------------+-----------------+------------------------------+--------------------------------------------------------------------+---------+
; Color.v                          ; yes             ; User Verilog HDL File        ; C:/Users/LAB305/Desktop/Demo/Color.v                               ;         ;
; lpm_divide.tdf                   ; yes             ; Megafunction                 ; c:/altera/13.1/quartus/libraries/megafunctions/lpm_divide.tdf      ;         ;
; abs_divider.inc                  ; yes             ; Megafunction                 ; c:/altera/13.1/quartus/libraries/megafunctions/abs_divider.inc     ;         ;
; sign_div_unsign.inc              ; yes             ; Megafunction                 ; c:/altera/13.1/quartus/libraries/megafunctions/sign_div_unsign.inc ;         ;
; aglobal131.inc                   ; yes             ; Megafunction                 ; c:/altera/13.1/quartus/libraries/megafunctions/aglobal131.inc      ;         ;
; db/lpm_divide_hno.tdf            ; yes             ; Auto-Generated Megafunction  ; C:/Users/LAB305/Desktop/Demo/db/lpm_divide_hno.tdf                 ;         ;
; db/abs_divider_ibg.tdf           ; yes             ; Auto-Generated Megafunction  ; C:/Users/LAB305/Desktop/Demo/db/abs_divider_ibg.tdf                ;         ;
; db/alt_u_div_p5f.tdf             ; yes             ; Auto-Generated Megafunction  ; C:/Users/LAB305/Desktop/Demo/db/alt_u_div_p5f.tdf                  ;         ;
; db/add_sub_unc.tdf               ; yes             ; Auto-Generated Megafunction  ; C:/Users/LAB305/Desktop/Demo/db/add_sub_unc.tdf                    ;         ;
; db/add_sub_vnc.tdf               ; yes             ; Auto-Generated Megafunction  ; C:/Users/LAB305/Desktop/Demo/db/add_sub_vnc.tdf                    ;         ;
; db/lpm_abs_nt9.tdf               ; yes             ; Auto-Generated Megafunction  ; C:/Users/LAB305/Desktop/Demo/db/lpm_abs_nt9.tdf                    ;         ;
; db/lpm_abs_9v9.tdf               ; yes             ; Auto-Generated Megafunction  ; C:/Users/LAB305/Desktop/Demo/db/lpm_abs_9v9.tdf                    ;         ;
+----------------------------------+-----------------+------------------------------+--------------------------------------------------------------------+---------+


+------------------------------------------------------------------------+
; Analysis & Synthesis Resource Usage Summary                            ;
+---------------------------------------------+--------------------------+
; Resource                                    ; Usage                    ;
+---------------------------------------------+--------------------------+
; Estimated Total logic elements              ; 98                       ;
;                                             ;                          ;
; Total combinational functions               ; 97                       ;
; Logic element usage by number of LUT inputs ;                          ;
;     -- 4 input functions                    ; 28                       ;
;     -- 3 input functions                    ; 17                       ;
;     -- <=2 input functions                  ; 52                       ;
;                                             ;                          ;
; Logic elements by mode                      ;                          ;
;     -- normal mode                          ; 63                       ;
;     -- arithmetic mode                      ; 34                       ;
;                                             ;                          ;
; Total registers                             ; 51                       ;
;     -- Dedicated logic registers            ; 51                       ;
;     -- I/O registers                        ; 0                        ;
;                                             ;                          ;
; I/O pins                                    ; 30                       ;
; Embedded Multiplier 9-bit elements          ; 0                        ;
; Maximum fan-out node                        ; divfreq1000HZ:F0|CLK_div ;
; Maximum fan-out                             ; 26                       ;
; Total fan-out                               ; 457                      ;
; Average fan-out                             ; 2.20                     ;
+---------------------------------------------+--------------------------+


+------------------------------------------------------------------------------------------------------------------------------------------------------------------------------------------------------------------------------------------------------------------------+
; Analysis & Synthesis Resource Utilization by Entity                                                                                                                                                                                                                    ;
+---------------------------------------+-------------------+--------------+-------------+--------------+---------+-----------+------+--------------+-----------------------------------------------------------------------------------------------------+--------------+
; Compilation Hierarchy Node            ; LC Combinationals ; LC Registers ; Memory Bits ; DSP Elements ; DSP 9x9 ; DSP 18x18 ; Pins ; Virtual Pins ; Full Hierarchy Name                                                                                 ; Library Name ;
+---------------------------------------+-------------------+--------------+-------------+--------------+---------+-----------+------+--------------+-----------------------------------------------------------------------------------------------------+--------------+
; |Color                                ; 97 (37)           ; 51 (25)      ; 0           ; 0            ; 0       ; 0         ; 30   ; 0            ; |Color                                                                                              ; work         ;
;    |divfreq1000HZ:F0|                 ; 34 (34)           ; 26 (26)      ; 0           ; 0            ; 0       ; 0         ; 0    ; 0            ; |Color|divfreq1000HZ:F0                                                                             ; work         ;
;    |lpm_divide:Mod0|                  ; 26 (0)            ; 0 (0)        ; 0           ; 0            ; 0       ; 0         ; 0    ; 0            ; |Color|lpm_divide:Mod0                                                                              ; work         ;
;       |lpm_divide_hno:auto_generated| ; 26 (0)            ; 0 (0)        ; 0           ; 0            ; 0       ; 0         ; 0    ; 0            ; |Color|lpm_divide:Mod0|lpm_divide_hno:auto_generated                                                ; work         ;
;          |abs_divider_ibg:divider|    ; 26 (3)            ; 0 (0)        ; 0           ; 0            ; 0       ; 0         ; 0    ; 0            ; |Color|lpm_divide:Mod0|lpm_divide_hno:auto_generated|abs_divider_ibg:divider                        ; work         ;
;             |alt_u_div_p5f:divider|   ; 21 (21)           ; 0 (0)        ; 0           ; 0            ; 0       ; 0         ; 0    ; 0            ; |Color|lpm_divide:Mod0|lpm_divide_hno:auto_generated|abs_divider_ibg:divider|alt_u_div_p5f:divider  ; work         ;
;             |lpm_abs_9v9:my_abs_num|  ; 2 (2)             ; 0 (0)        ; 0           ; 0            ; 0       ; 0         ; 0    ; 0            ; |Color|lpm_divide:Mod0|lpm_divide_hno:auto_generated|abs_divider_ibg:divider|lpm_abs_9v9:my_abs_num ; work         ;
+---------------------------------------+-------------------+--------------+-------------+--------------+---------+-----------+------+--------------+-----------------------------------------------------------------------------------------------------+--------------+
Note: For table entries with two numbers listed, the numbers in parentheses indicate the number of resources of the given type used by the specific entity alone. The numbers listed outside of parentheses indicate the total resources of the given type used by the specific entity and all of its sub-entities in the hierarchy.


+---------------------------------------------------------------------------------+
; Registers Removed During Synthesis                                              ;
+----------------------------------------+----------------------------------------+
; Register name                          ; Reason for Removal                     ;
+----------------------------------------+----------------------------------------+
; Screen[7][7]                           ; Stuck at VCC due to stuck port data_in ;
; Screen[7][3]                           ; Stuck at VCC due to stuck port data_in ;
; Screen[7][2]                           ; Stuck at VCC due to stuck port data_in ;
; Screen[7][1]                           ; Stuck at VCC due to stuck port data_in ;
; Screen[7][0]                           ; Stuck at VCC due to stuck port data_in ;
; Screen[6][6]                           ; Stuck at VCC due to stuck port data_in ;
; Screen[6][5]                           ; Stuck at VCC due to stuck port data_in ;
; Screen[6][4]                           ; Stuck at VCC due to stuck port data_in ;
; Screen[6][2]                           ; Stuck at VCC due to stuck port data_in ;
; Screen[6][1]                           ; Stuck at VCC due to stuck port data_in ;
; Screen[6][0]                           ; Stuck at VCC due to stuck port data_in ;
; Screen[5][6]                           ; Stuck at VCC due to stuck port data_in ;
; Screen[5][5]                           ; Stuck at VCC due to stuck port data_in ;
; Screen[5][4]                           ; Stuck at VCC due to stuck port data_in ;
; Screen[5][3]                           ; Stuck at VCC due to stuck port data_in ;
; Screen[5][1]                           ; Stuck at VCC due to stuck port data_in ;
; Screen[5][0]                           ; Stuck at VCC due to stuck port data_in ;
; Screen[4][7]                           ; Stuck at VCC due to stuck port data_in ;
; Screen[4][5]                           ; Stuck at VCC due to stuck port data_in ;
; Screen[4][4]                           ; Stuck at VCC due to stuck port data_in ;
; Screen[4][3]                           ; Stuck at VCC due to stuck port data_in ;
; Screen[4][2]                           ; Stuck at VCC due to stuck port data_in ;
; Screen[4][0]                           ; Stuck at VCC due to stuck port data_in ;
; Screen[3][7]                           ; Stuck at VCC due to stuck port data_in ;
; Screen[3][5]                           ; Stuck at VCC due to stuck port data_in ;
; Screen[3][4]                           ; Stuck at VCC due to stuck port data_in ;
; Screen[3][3]                           ; Stuck at VCC due to stuck port data_in ;
; Screen[3][2]                           ; Stuck at VCC due to stuck port data_in ;
; Screen[3][0]                           ; Stuck at VCC due to stuck port data_in ;
; Screen[2][6]                           ; Stuck at VCC due to stuck port data_in ;
; Screen[2][5]                           ; Stuck at VCC due to stuck port data_in ;
; Screen[2][4]                           ; Stuck at VCC due to stuck port data_in ;
; Screen[2][3]                           ; Stuck at VCC due to stuck port data_in ;
; Screen[2][1]                           ; Stuck at VCC due to stuck port data_in ;
; Screen[2][0]                           ; Stuck at VCC due to stuck port data_in ;
; Screen[1][6]                           ; Stuck at VCC due to stuck port data_in ;
; Screen[1][5]                           ; Stuck at VCC due to stuck port data_in ;
; Screen[1][4]                           ; Stuck at VCC due to stuck port data_in ;
; Screen[1][2]                           ; Stuck at VCC due to stuck port data_in ;
; Screen[1][1]                           ; Stuck at VCC due to stuck port data_in ;
; Screen[1][0]                           ; Stuck at VCC due to stuck port data_in ;
; Screen[0][7]                           ; Stuck at VCC due to stuck port data_in ;
; Screen[0][3]                           ; Stuck at VCC due to stuck port data_in ;
; Screen[0][2]                           ; Stuck at VCC due to stuck port data_in ;
; Screen[0][1]                           ; Stuck at VCC due to stuck port data_in ;
; Screen[0][0]                           ; Stuck at VCC due to stuck port data_in ;
; Data_R[3]~reg0                         ; Merged with Data_R[2]~reg0             ;
; Data_G[3]~reg0                         ; Merged with Data_G[2]~reg0             ;
; Screen[0][5]                           ; Merged with Screen[0][4]               ;
; Screen[0][6]                           ; Merged with Screen[0][4]               ;
; Screen[1][3]                           ; Merged with Screen[0][4]               ;
; Screen[1][7]                           ; Merged with Screen[0][4]               ;
; Screen[2][2]                           ; Merged with Screen[0][4]               ;
; Screen[2][7]                           ; Merged with Screen[0][4]               ;
; Screen[3][1]                           ; Merged with Screen[0][4]               ;
; Screen[3][6]                           ; Merged with Screen[0][4]               ;
; Screen[4][1]                           ; Merged with Screen[0][4]               ;
; Screen[4][6]                           ; Merged with Screen[0][4]               ;
; Screen[5][2]                           ; Merged with Screen[0][4]               ;
; Screen[5][7]                           ; Merged with Screen[0][4]               ;
; Screen[6][3]                           ; Merged with Screen[0][4]               ;
; Screen[6][7]                           ; Merged with Screen[0][4]               ;
; Screen[7][4]                           ; Merged with Screen[0][4]               ;
; Screen[7][5]                           ; Merged with Screen[0][4]               ;
; Screen[7][6]                           ; Merged with Screen[0][4]               ;
; color[2..9,11..31]                     ; Merged with color[10]                  ;
; Data_B[3]~reg0                         ; Merged with Data_B[2]~reg0             ;
; Data_R[7]~reg0                         ; Stuck at VCC due to stuck port data_in ;
; Data_G[7]~reg0                         ; Stuck at VCC due to stuck port data_in ;
; Data_B[7]~reg0                         ; Stuck at VCC due to stuck port data_in ;
; Total Number of Removed Registers = 98 ;                                        ;
+----------------------------------------+----------------------------------------+


+--------------------------------------------------------------------------------------------+
; Removed Registers Triggering Further Register Optimizations                                ;
+---------------+---------------------------+------------------------------------------------+
; Register name ; Reason for Removal        ; Registers Removed due to This Register         ;
+---------------+---------------------------+------------------------------------------------+
; Screen[7][0]  ; Stuck at VCC              ; Data_R[7]~reg0, Data_G[7]~reg0, Data_B[7]~reg0 ;
;               ; due to stuck port data_in ;                                                ;
+---------------+---------------------------+------------------------------------------------+


+------------------------------------------------------+
; General Register Statistics                          ;
+----------------------------------------------+-------+
; Statistic                                    ; Value ;
+----------------------------------------------+-------+
; Total registers                              ; 51    ;
; Number of registers using Synchronous Clear  ; 25    ;
; Number of registers using Synchronous Load   ; 0     ;
; Number of registers using Asynchronous Clear ; 0     ;
; Number of registers using Asynchronous Load  ; 0     ;
; Number of registers using Clock Enable       ; 18    ;
; Number of registers using Preset             ; 0     ;
+----------------------------------------------+-------+


+---------------------------------------------------+
; Inverted Register Statistics                      ;
+-----------------------------------------+---------+
; Inverted Register                       ; Fan out ;
+-----------------------------------------+---------+
; Data_R[0]~reg0                          ; 1       ;
; Data_R[1]~reg0                          ; 1       ;
; Data_R[2]~reg0                          ; 2       ;
; Data_R[4]~reg0                          ; 1       ;
; Data_R[5]~reg0                          ; 1       ;
; Data_R[6]~reg0                          ; 1       ;
; Data_G[0]~reg0                          ; 1       ;
; Data_G[1]~reg0                          ; 1       ;
; Data_G[2]~reg0                          ; 2       ;
; Data_G[4]~reg0                          ; 1       ;
; Data_G[5]~reg0                          ; 1       ;
; Data_G[6]~reg0                          ; 1       ;
; Data_B[0]~reg0                          ; 1       ;
; Data_B[1]~reg0                          ; 1       ;
; Data_B[2]~reg0                          ; 2       ;
; Data_B[4]~reg0                          ; 1       ;
; Data_B[5]~reg0                          ; 1       ;
; Data_B[6]~reg0                          ; 1       ;
; Screen[0][4]                            ; 3       ;
; Total number of inverted registers = 19 ;         ;
+-----------------------------------------+---------+


+------------------------------------------------------------------------------------------------------------------------------------------+
; Multiplexer Restructuring Statistics (Restructuring Performed)                                                                           ;
+--------------------+-----------+---------------+----------------------+------------------------+------------+----------------------------+
; Multiplexer Inputs ; Bus Width ; Baseline Area ; Area if Restructured ; Saving if Restructured ; Registered ; Example Multiplexer Output ;
+--------------------+-----------+---------------+----------------------+------------------------+------------+----------------------------+
; 3:1                ; 6 bits    ; 12 LEs        ; 6 LEs                ; 6 LEs                  ; Yes        ; |Color|Data_R[4]~reg0      ;
; 3:1                ; 6 bits    ; 12 LEs        ; 6 LEs                ; 6 LEs                  ; Yes        ; |Color|Data_G[2]~reg0      ;
; 3:1                ; 6 bits    ; 12 LEs        ; 6 LEs                ; 6 LEs                  ; Yes        ; |Color|Data_B[6]~reg0      ;
+--------------------+-----------+---------------+----------------------+------------------------+------------+----------------------------+


+-----------------------------------------------------------------------------------------------------------+
; Parameter Settings for User Entity Instance: Top-level Entity: |Color                                     ;
+----------------+---------------------------------------------------------------------------+--------------+
; Parameter Name ; Value                                                                     ; Type         ;
+----------------+---------------------------------------------------------------------------+--------------+
; New_screen     ; (11111111,11111111,11111111,11111111,11111111,11111111,11111111,11111111) ; Array/Record ;
; heart          ; (10011001,01100110,01111110,01111110,10111101,11011011,11100111,11111111) ; Array/Record ;
+----------------+---------------------------------------------------------------------------+--------------+
Note: In order to hide this table in the UI and the text report file, please set the "Show Parameter Settings in Synthesis Report" option in "Analysis and Synthesis Settings -> More Settings" to "Off".


+------------------------------------------------------------------+
; Parameter Settings for Inferred Entity Instance: lpm_divide:Mod0 ;
+------------------------+----------------+------------------------+
; Parameter Name         ; Value          ; Type                   ;
+------------------------+----------------+------------------------+
; LPM_WIDTHN             ; 32             ; Untyped                ;
; LPM_WIDTHD             ; 3              ; Untyped                ;
; LPM_NREPRESENTATION    ; SIGNED         ; Untyped                ;
; LPM_DREPRESENTATION    ; SIGNED         ; Untyped                ;
; LPM_PIPELINE           ; 0              ; Untyped                ;
; LPM_REMAINDERPOSITIVE  ; FALSE          ; Untyped                ;
; MAXIMIZE_SPEED         ; 5              ; Untyped                ;
; CBXI_PARAMETER         ; lpm_divide_hno ; Untyped                ;
; CARRY_CHAIN            ; MANUAL         ; Untyped                ;
; OPTIMIZE_FOR_SPEED     ; 5              ; Untyped                ;
; AUTO_CARRY_CHAINS      ; ON             ; AUTO_CARRY             ;
; IGNORE_CARRY_BUFFERS   ; OFF            ; IGNORE_CARRY           ;
; AUTO_CASCADE_CHAINS    ; ON             ; AUTO_CASCADE           ;
; IGNORE_CASCADE_BUFFERS ; OFF            ; IGNORE_CASCADE         ;
+------------------------+----------------+------------------------+
Note: In order to hide this table in the UI and the text report file, please set the "Show Parameter Settings in Synthesis Report" option in "Analysis and Synthesis Settings -> More Settings" to "Off".


+-------------------------------+
; Elapsed Time Per Partition    ;
+----------------+--------------+
; Partition Name ; Elapsed Time ;
+----------------+--------------+
; Top            ; 00:00:01     ;
+----------------+--------------+


+-------------------------------+
; Analysis & Synthesis Messages ;
+-------------------------------+
Info: *******************************************************************
Info: Running Quartus II 64-Bit Analysis & Synthesis
    Info: Version 13.1.0 Build 162 10/23/2013 SJ Web Edition
    Info: Processing started: Mon Jan 09 02:00:56 2023
Info: Command: quartus_map --read_settings_files=on --write_settings_files=off Color -c Color
Info (11104): Parallel Compilation has detected 4 hyper-threaded processors. However, the extra hyper-threaded processors will not be used by default. Parallel Compilation will use 2 of the 2 physical processors detected instead.
Info (12021): Found 2 design units, including 2 entities, in source file color.v
    Info (12023): Found entity 1: Color
    Info (12023): Found entity 2: divfreq1000HZ
Warning (10236): Verilog HDL Implicit Net warning at Color.v(35): created implicit net for "CLK_div"
Info (12127): Elaborating entity "Color" for the top level hierarchy
Warning (10230): Verilog HDL assignment warning at Color.v(48): truncated value with size 32 to match size of target (3)
Warning (10762): Verilog HDL Case Statement warning at Color.v(57): can't check case statement for completeness because the case expression has too many possible states
Info (12128): Elaborating entity "divfreq1000HZ" for hierarchy "divfreq1000HZ:F0"
Info (278001): Inferred 1 megafunctions from design logic
    Info (278004): Inferred divider/modulo megafunction ("lpm_divide") from the following logic: "Mod0"
Info (12130): Elaborated megafunction instantiation "lpm_divide:Mod0"
Info (12133): Instantiated megafunction "lpm_divide:Mod0" with the following parameter:
    Info (12134): Parameter "LPM_WIDTHN" = "32"
    Info (12134): Parameter "LPM_WIDTHD" = "3"
    Info (12134): Parameter "LPM_NREPRESENTATION" = "SIGNED"
    Info (12134): Parameter "LPM_DREPRESENTATION" = "SIGNED"
    Info (12134): Parameter "LPM_HINT" = "LPM_REMAINDERPOSITIVE=FALSE"
Info (12021): Found 1 design units, including 1 entities, in source file db/lpm_divide_hno.tdf
    Info (12023): Found entity 1: lpm_divide_hno
Info (12021): Found 1 design units, including 1 entities, in source file db/abs_divider_ibg.tdf
    Info (12023): Found entity 1: abs_divider_ibg
Info (12021): Found 1 design units, including 1 entities, in source file db/alt_u_div_p5f.tdf
    Info (12023): Found entity 1: alt_u_div_p5f
Info (12021): Found 1 design units, including 1 entities, in source file db/add_sub_unc.tdf
    Info (12023): Found entity 1: add_sub_unc
Info (12021): Found 1 design units, including 1 entities, in source file db/add_sub_vnc.tdf
    Info (12023): Found entity 1: add_sub_vnc
Info (12021): Found 1 design units, including 1 entities, in source file db/lpm_abs_nt9.tdf
    Info (12023): Found entity 1: lpm_abs_nt9
Info (12021): Found 1 design units, including 1 entities, in source file db/lpm_abs_9v9.tdf
    Info (12023): Found entity 1: lpm_abs_9v9
Info (13014): Ignored 3 buffer(s)
    Info (13016): Ignored 3 CARRY_SUM buffer(s)
Warning (13024): Output pins are stuck at VCC or GND
    Warning (13410): Pin "Data_R[7]" is stuck at VCC
    Warning (13410): Pin "Data_G[7]" is stuck at VCC
    Warning (13410): Pin "Data_B[7]" is stuck at VCC
    Warning (13410): Pin "E" is stuck at VCC
Info (286030): Timing-Driven Synthesis is running
Info (16010): Generating hard_block partition "hard_block:auto_generated_inst"
    Info (16011): Adding 0 node(s), including 0 DDIO, 0 PLL, 0 transceiver and 0 LCELL
Info (21057): Implemented 131 device resources after synthesis - the final resource count might be different
    Info (21058): Implemented 2 input pins
    Info (21059): Implemented 28 output pins
    Info (21061): Implemented 101 logic cells
Info: Quartus II 64-Bit Analysis & Synthesis was successful. 0 errors, 8 warnings
    Info: Peak virtual memory: 4641 megabytes
    Info: Processing ended: Mon Jan 09 02:01:00 2023
    Info: Elapsed time: 00:00:04
    Info: Total CPU time (on all processors): 00:00:05


