Flow report for genTetromino
Tue Jan 10 13:19:36 2023
Quartus II 64-Bit Version 13.1.0 Build 162 10/23/2013 SJ Web Edition


---------------------
; Table of Contents ;
---------------------
  1. Legal Notice
  2. Flow Summary
  3. Flow Settings
  4. Flow Non-Default Global Settings
  5. Flow Elapsed Time
  6. Flow OS Summary
  7. Flow Log
  8. Flow Messages
  9. Flow Suppressed Messages



----------------
; Legal Notice ;
----------------
Copyright (C) 1991-2013 Altera Corporation
Your use of Altera Corporation's design tools, logic functions 
and other software and tools, and its AMPP partner logic 
functions, and any output files from any of the foregoing 
(including device programming or simulation files), and any 
associated documentation or information are expressly subject 
to the terms and conditions of the Altera Program License 
Subscription Agreement, Altera MegaCore Function License 
Agreement, or other applicable license agreement, including, 
without limitation, that your use is for the sole purpose of 
programming logic devices manufactured by Altera and sold by 
Altera or its authorized distributors.  Please refer to the 
applicable agreement for further details.



+---------------------------------------------------------------------------------+
; Flow Summary                                                                    ;
+------------------------------------+--------------------------------------------+
; Flow Status                        ; Successful - Tue Jan 10 13:19:36 2023      ;
; Quartus II 64-Bit Version          ; 13.1.0 Build 162 10/23/2013 SJ Web Edition ;
; Revision Name                      ; genTetromino                               ;
; Top-level Entity Name              ; top                                        ;
; Family                             ; Cyclone III                                ;
; Device                             ; EP3C10E144C8                               ;
; Timing Models                      ; Final                                      ;
; Total logic elements               ; 9,257 / 10,320 ( 90 % )                    ;
;     Total combinational functions  ; 9,227 / 10,320 ( 89 % )                    ;
;     Dedicated logic registers      ; 670 / 10,320 ( 6 % )                       ;
; Total registers                    ; 670                                        ;
; Total pins                         ; 47 / 95 ( 49 % )                           ;
; Total virtual pins                 ; 0                                          ;
; Total memory bits                  ; 0 / 423,936 ( 0 % )                        ;
; Embedded Multiplier 9-bit elements ; 0 / 46 ( 0 % )                             ;
; Total PLLs                         ; 0 / 2 ( 0 % )                              ;
+------------------------------------+--------------------------------------------+


+-----------------------------------------+
; Flow Settings                           ;
+-------------------+---------------------+
; Option            ; Setting             ;
+-------------------+---------------------+
; Start date & time ; 01/10/2023 13:11:12 ;
; Main task         ; Compilation         ;
; Revision Name     ; genTetromino        ;
+-------------------+---------------------+


+----------------------------------------------------------------------------------------------------------------------+
; Flow Non-Default Global Settings                                                                                     ;
+-------------------------------------+---------------------------------+---------------+-------------+----------------+
; Assignment Name                     ; Value                           ; Default Value ; Entity Name ; Section Id     ;
+-------------------------------------+---------------------------------+---------------+-------------+----------------+
; COMPILER_SIGNATURE_ID               ; 268490108874936.167332747203976 ; --            ; --          ; --             ;
; EDA_OUTPUT_DATA_FORMAT              ; Systemverilog Hdl               ; --            ; --          ; eda_simulation ;
; EDA_SIMULATION_TOOL                 ; ModelSim-Altera (SystemVerilog) ; <None>        ; --          ; --             ;
; MAX_CORE_JUNCTION_TEMP              ; 85                              ; --            ; --          ; --             ;
; MIN_CORE_JUNCTION_TEMP              ; 0                               ; --            ; --          ; --             ;
; PARTITION_COLOR                     ; 16764057                        ; --            ; top         ; Top            ;
; PARTITION_FITTER_PRESERVATION_LEVEL ; PLACEMENT_AND_ROUTING           ; --            ; top         ; Top            ;
; PARTITION_NETLIST_TYPE              ; SOURCE                          ; --            ; top         ; Top            ;
; PROJECT_OUTPUT_DIRECTORY            ; output_files                    ; --            ; --          ; --             ;
; TOP_LEVEL_ENTITY                    ; top                             ; genTetromino  ; --          ; --             ;
+-------------------------------------+---------------------------------+---------------+-------------+----------------+


+-------------------------------------------------------------------------------------------------------------------------------+
; Flow Elapsed Time                                                                                                             ;
+---------------------------+--------------+-------------------------+---------------------+------------------------------------+
; Module Name               ; Elapsed Time ; Average Processors Used ; Peak Virtual Memory ; Total CPU Time (on all processors) ;
+---------------------------+--------------+-------------------------+---------------------+------------------------------------+
; Analysis & Synthesis      ; 00:02:12     ; 1.0                     ; 4685 MB             ; 00:02:10                           ;
; Fitter                    ; 00:05:19     ; 1.8                     ; 5243 MB             ; 00:07:20                           ;
; Assembler                 ; 00:00:02     ; 1.0                     ; 4609 MB             ; 00:00:02                           ;
; TimeQuest Timing Analyzer ; 00:00:26     ; 1.1                     ; 4830 MB             ; 00:00:25                           ;
; EDA Netlist Writer        ; 00:00:13     ; 1.0                     ; 4638 MB             ; 00:00:12                           ;
; Total                     ; 00:08:12     ; --                      ; --                  ; 00:10:09                           ;
+---------------------------+--------------+-------------------------+---------------------+------------------------------------+


+----------------------------------------------------------------------------------------+
; Flow OS Summary                                                                        ;
+---------------------------+------------------+-----------+------------+----------------+
; Module Name               ; Machine Hostname ; OS Name   ; OS Version ; Processor type ;
+---------------------------+------------------+-----------+------------+----------------+
; Analysis & Synthesis      ; DESKTOP-77UTSK5  ; Windows 7 ; 6.2        ; x86_64         ;
; Fitter                    ; DESKTOP-77UTSK5  ; Windows 7 ; 6.2        ; x86_64         ;
; Assembler                 ; DESKTOP-77UTSK5  ; Windows 7 ; 6.2        ; x86_64         ;
; TimeQuest Timing Analyzer ; DESKTOP-77UTSK5  ; Windows 7 ; 6.2        ; x86_64         ;
; EDA Netlist Writer        ; DESKTOP-77UTSK5  ; Windows 7 ; 6.2        ; x86_64         ;
+---------------------------+------------------+-----------+------------+----------------+


------------
; Flow Log ;
------------
quartus_map --read_settings_files=on --write_settings_files=off genTetromino -c genTetromino
quartus_fit --read_settings_files=off --write_settings_files=off genTetromino -c genTetromino
quartus_asm --read_settings_files=off --write_settings_files=off genTetromino -c genTetromino
quartus_sta genTetromino -c genTetromino
quartus_eda --read_settings_files=off --write_settings_files=off genTetromino -c genTetromino



